2020-03-25 01:56:43,346 [1] INFO Widget2.App -         =============  Started Logging  =============        
2020-03-25 01:56:43,363 [1] INFO Widget2.App - Available widgets: System.Collections.Generic.Dictionary`2+KeyCollection[System.String,System.Type]
2020-03-25 01:56:45,945 [1] INFO Widget2.ClockWindow - blyat refresh
2020-03-25 01:56:45,962 [1] INFO Widget2.ClockWindow - blyat refresh
2020-03-25 01:56:46,944 [1] INFO Widget2.ClockWindow - blyat refresh
2020-03-25 01:56:46,960 [1] INFO Widget2.ClockWindow - blyat refresh
2020-03-25 01:56:47,944 [1] INFO Widget2.ClockWindow - blyat refresh
2020-03-25 01:56:47,963 [1] INFO Widget2.ClockWindow - blyat refresh
2020-03-25 01:56:48,944 [1] INFO Widget2.ClockWindow - blyat refresh
2020-03-25 01:56:48,960 [1] INFO Widget2.ClockWindow - blyat refresh
2020-03-25 01:56:49,945 [1] INFO Widget2.ClockWindow - blyat refresh
2020-03-25 01:56:49,976 [1] INFO Widget2.ClockWindow - blyat refresh
2020-03-25 01:56:50,945 [1] INFO Widget2.ClockWindow - blyat refresh
2020-03-25 01:56:50,977 [1] INFO Widget2.ClockWindow - blyat refresh
2020-03-25 01:56:51,945 [1] INFO Widget2.ClockWindow - blyat refresh
2020-03-25 01:56:51,975 [1] INFO Widget2.ClockWindow - blyat refresh
2020-03-25 01:56:52,944 [1] INFO Widget2.ClockWindow - blyat refresh
2020-03-25 01:56:52,975 [1] INFO Widget2.ClockWindow - blyat refresh
2020-03-25 01:56:53,946 [1] INFO Widget2.ClockWindow - blyat refresh
2020-03-25 01:56:53,977 [1] INFO Widget2.ClockWindow - blyat refresh
2020-03-25 01:56:54,944 [1] INFO Widget2.ClockWindow - blyat refresh
2020-03-25 01:56:54,978 [1] INFO Widget2.ClockWindow - blyat refresh
2020-03-25 01:56:55,944 [1] INFO Widget2.ClockWindow - blyat refresh
2020-03-25 01:56:55,975 [1] INFO Widget2.ClockWindow - blyat refresh
2020-03-25 01:56:56,945 [1] INFO Widget2.ClockWindow - blyat refresh
2020-03-25 01:56:56,975 [1] INFO Widget2.ClockWindow - blyat refresh
2020-03-25 01:56:57,945 [1] INFO Widget2.ClockWindow - blyat refresh
2020-03-25 01:56:57,976 [1] INFO Widget2.ClockWindow - blyat refresh
2020-03-25 01:56:58,946 [1] INFO Widget2.ClockWindow - blyat refresh
2020-03-25 01:56:58,978 [1] INFO Widget2.ClockWindow - blyat refresh
2020-03-25 01:56:59,945 [1] INFO Widget2.ClockWindow - blyat refresh
2020-03-25 01:56:59,976 [1] INFO Widget2.ClockWindow - blyat refresh
2020-03-25 01:57:00,945 [1] INFO Widget2.ClockWindow - blyat refresh
2020-03-25 01:57:00,976 [1] INFO Widget2.ClockWindow - blyat refresh
2020-03-25 01:57:01,945 [1] INFO Widget2.ClockWindow - blyat refresh
2020-03-25 01:57:01,975 [1] INFO Widget2.ClockWindow - blyat refresh
2020-03-25 01:57:42,880 [1] INFO Widget2.App -         =============  Started Logging  =============        
2020-03-25 01:57:42,897 [1] INFO Widget2.App - Available widgets: 
2020-03-25 01:57:45,477 [1] INFO Widget2.ClockWindow - blyat refresh
2020-03-25 01:57:45,494 [1] INFO Widget2.ClockWindow - blyat refresh
2020-03-25 01:57:46,475 [1] INFO Widget2.ClockWindow - blyat refresh
2020-03-25 01:57:46,491 [1] INFO Widget2.ClockWindow - blyat refresh
2020-03-25 01:57:47,475 [1] INFO Widget2.ClockWindow - blyat refresh
2020-03-25 01:57:47,494 [1] INFO Widget2.ClockWindow - blyat refresh
2020-03-25 01:57:48,481 [1] INFO Widget2.ClockWindow - blyat refresh
2020-03-25 01:57:48,493 [1] INFO Widget2.ClockWindow - blyat refresh
2020-03-25 01:59:01,373 [1] INFO Widget2.App -         =============  Started Logging  =============        
2020-03-25 01:59:01,423 [1] INFO Widget2.App - Available widgets: Coronavirus, Weather, Clock
2020-03-25 01:59:01,457 [1] INFO Widget2.App - Created widget window: Weather
2020-03-25 01:59:01,742 [1] INFO Widget2.App - Created widget window: Coronavirus
2020-03-25 01:59:02,896 [1] INFO Widget2.App - Created widget window: Clock
2020-03-25 01:59:03,914 [1] INFO Widget2.ClockWindow - blyat refresh
2020-03-25 01:59:03,928 [1] INFO Widget2.ClockWindow - blyat refresh
2020-03-25 01:59:04,913 [1] INFO Widget2.ClockWindow - blyat refresh
2020-03-25 01:59:04,932 [1] INFO Widget2.ClockWindow - blyat refresh
2020-03-25 02:08:48,842 [1] INFO NotRainmeter.App -         =============  Started Logging  =============        
2020-03-25 02:08:48,892 [1] INFO NotRainmeter.App - Available widgets: Coronavirus, Weather, Clock
2020-03-25 02:09:07,245 [1] INFO NotRainmeter.App -         =============  Started Logging  =============        
2020-03-25 02:09:07,291 [1] INFO NotRainmeter.App - Available widgets: Coronavirus, Weather, Clock
2020-03-25 02:09:29,870 [1] INFO NotRainmeter.App -         =============  Started Logging  =============        
2020-03-25 02:09:29,918 [1] INFO NotRainmeter.App - Available widgets: Coronavirus, Weather, Clock
2020-03-25 02:10:35,403 [1] INFO NotRainmeter.App -         =============  Started Logging  =============        
2020-03-25 02:10:35,450 [1] INFO NotRainmeter.App - Available widgets: Coronavirus, Weather, Clock
2020-03-25 02:11:58,513 [1] INFO NotRainmeter.App -         =============  Started Logging  =============        
2020-03-25 02:11:58,575 [1] INFO NotRainmeter.App - Available widgets: Coronavirus, Weather, Clock
2020-03-25 02:12:04,517 [1] INFO NotRainmeter.App - Created widget window: Weather
2020-03-25 02:12:04,580 [1] INFO NotRainmeter.App - Created widget window: Coronavirus
2020-03-25 02:12:06,002 [1] INFO NotRainmeter.App - Created widget window: Clock
2020-03-25 02:19:47,796 [1] INFO NotRainmeter.App -         =============  Started Logging  =============        
2020-03-25 02:19:47,844 [1] INFO NotRainmeter.App - Available widgets: Coronavirus, Weather, Clock
2020-03-25 02:20:04,103 [1] INFO NotRainmeter.App - Created widget window: Weather
2020-03-25 02:20:04,157 [1] INFO NotRainmeter.App - Created widget window: Coronavirus
2020-03-25 02:20:12,056 [1] INFO NotRainmeter.App - Created widget window: Clock
2020-03-25 02:23:28,219 [1] INFO NotRainmeter.App -         =============  Started Logging  =============        
2020-03-25 02:23:28,272 [1] INFO NotRainmeter.App - Available widgets: Coronavirus, Weather, Clock
2020-03-25 02:23:28,306 [1] INFO NotRainmeter.App - Created widget window: Weather
2020-03-25 02:23:28,611 [1] INFO NotRainmeter.App - Created widget window: Coronavirus
2020-03-25 02:23:29,910 [1] INFO NotRainmeter.App - Created widget window: Clock
2020-03-25 02:34:01,363 [1] INFO NotRainmeter.App -         =============  Started Logging  =============        
2020-03-25 02:34:01,390 [1] INFO NotRainmeter.App - Available widgets: Coronavirus, Weather, Clock
2020-03-25 02:34:01,418 [1] INFO NotRainmeter.App - Created widget window: Weather
2020-03-25 02:34:01,640 [1] INFO NotRainmeter.App - Created widget window: Coronavirus
2020-03-25 02:34:02,886 [1] INFO NotRainmeter.App - Created widget window: Clock
2020-03-25 02:36:01,142 [1] INFO NotRainmeter.App -         =============  Started Logging  =============        
2020-03-25 02:36:01,197 [1] INFO NotRainmeter.App - Available widgets: Coronavirus, Weather, Clock
2020-03-25 02:36:01,222 [1] INFO NotRainmeter.App - Created widget window: Weather
2020-03-25 02:36:01,520 [1] INFO NotRainmeter.App - Created widget window: Coronavirus
2020-03-25 02:36:03,004 [1] INFO NotRainmeter.App - Created widget window: Clock
2020-03-25 02:45:53,953 [1] INFO NotRainmeter.App -         =============  Started Logging  =============        
2020-03-25 02:45:53,999 [1] INFO NotRainmeter.App - Available widgets: Coronavirus, Weather, Clock
2020-03-25 02:45:54,039 [1] INFO NotRainmeter.App - Created widget window: Weather
2020-03-25 02:45:54,340 [1] INFO NotRainmeter.App - Created widget window: Coronavirus
2020-03-25 02:45:55,494 [1] INFO NotRainmeter.App - Created widget window: Clock
2020-03-25 02:46:26,889 [1] INFO NotRainmeter.App -         =============  Started Logging  =============        
2020-03-25 02:46:26,941 [1] INFO NotRainmeter.App - Available widgets: Coronavirus, Weather, Clock
2020-03-25 02:46:26,968 [1] INFO NotRainmeter.App - Created widget window: Weather
2020-03-25 02:46:27,280 [1] INFO NotRainmeter.App - Created widget window: Coronavirus
2020-03-25 02:46:28,394 [1] INFO NotRainmeter.App - Created widget window: Clock
2020-03-25 02:48:03,421 [1] INFO NotRainmeter.App -         =============  Started Logging  =============        
2020-03-25 02:48:03,479 [1] INFO NotRainmeter.App - Available widgets: Coronavirus, Weather, Clock
2020-03-25 02:48:03,522 [1] INFO NotRainmeter.App - Created widget window: Weather
2020-03-25 02:48:03,850 [1] INFO NotRainmeter.App - Created widget window: Coronavirus
2020-03-25 02:48:05,110 [1] INFO NotRainmeter.App - Created widget window: Clock
2020-03-25 02:48:40,452 [1] INFO NotRainmeter.App -         =============  Started Logging  =============        
2020-03-25 02:48:40,503 [1] INFO NotRainmeter.App - Available widgets: Coronavirus, Weather, Clock
2020-03-25 02:48:40,535 [1] INFO NotRainmeter.App - Created widget window: Weather
2020-03-25 02:48:40,853 [1] INFO NotRainmeter.App - Created widget window: Coronavirus
2020-03-25 02:48:42,109 [1] INFO NotRainmeter.App - Created widget window: Clock
2020-03-25 02:49:53,874 [1] INFO NotRainmeter.App -         =============  Started Logging  =============        
2020-03-25 02:49:53,924 [1] INFO NotRainmeter.App - Available widgets: Coronavirus, Weather, Clock
2020-03-25 02:49:53,964 [1] INFO NotRainmeter.App - Created widget window: Weather
2020-03-25 02:49:54,286 [1] INFO NotRainmeter.App - Created widget window: Coronavirus
2020-03-25 02:49:55,891 [1] INFO NotRainmeter.App - Created widget window: Clock
2020-03-25 02:56:36,307 [1] INFO NotRainmeter.App -         =============  Started Logging  =============        
2020-03-25 02:56:36,356 [1] INFO NotRainmeter.App - Available widgets: Coronavirus, Weather, Clock
2020-03-25 02:56:36,396 [1] INFO NotRainmeter.App - Created widget window: Weather
2020-03-25 02:56:36,727 [1] INFO NotRainmeter.App - Created widget window: Coronavirus
2020-03-25 02:56:38,114 [1] INFO NotRainmeter.App - Created widget window: Clock
2020-03-25 02:57:57,522 [1] INFO NotRainmeter.App -         =============  Started Logging  =============        
2020-03-25 02:57:57,568 [1] INFO NotRainmeter.App - Available widgets: Coronavirus, Weather, Clock
2020-03-25 02:57:57,607 [1] INFO NotRainmeter.App - Created widget window: Weather
2020-03-25 02:57:57,916 [1] INFO NotRainmeter.App - Created widget window: Coronavirus
2020-03-25 02:57:58,972 [1] INFO NotRainmeter.App - Created widget window: Clock
2020-03-25 02:58:08,442 [1] INFO NotRainmeter.App -         =============  Started Logging  =============        
2020-03-25 02:58:08,501 [1] INFO NotRainmeter.App - Available widgets: Coronavirus, Weather, Clock
2020-03-25 02:58:08,526 [1] INFO NotRainmeter.App - Created widget window: Weather
2020-03-25 02:58:08,817 [1] INFO NotRainmeter.App - Created widget window: Coronavirus
2020-03-25 02:58:09,802 [1] INFO NotRainmeter.App - Created widget window: Clock
2020-03-25 02:59:05,305 [1] INFO NotRainmeter.App -         =============  Started Logging  =============        
2020-03-25 02:59:05,357 [1] INFO NotRainmeter.App - Available widgets: Coronavirus, Weather, Clock
2020-03-25 02:59:05,392 [1] INFO NotRainmeter.App - Created widget window: Weather
2020-03-25 02:59:05,719 [1] INFO NotRainmeter.App - Created widget window: Coronavirus
2020-03-25 02:59:07,207 [1] INFO NotRainmeter.App - Created widget window: Clock
2020-03-25 02:59:38,168 [1] INFO NotRainmeter.App -         =============  Started Logging  =============        
2020-03-25 02:59:38,217 [1] INFO NotRainmeter.App - Available widgets: Coronavirus, Weather, Clock
2020-03-25 02:59:38,242 [1] INFO NotRainmeter.App - Created widget window: Weather
2020-03-25 02:59:38,542 [1] INFO NotRainmeter.App - Created widget window: Coronavirus
2020-03-25 02:59:39,744 [1] INFO NotRainmeter.App - Created widget window: Clock
2020-03-25 03:00:11,328 [1] INFO NotRainmeter.App -         =============  Started Logging  =============        
2020-03-25 03:00:11,374 [1] INFO NotRainmeter.App - Available widgets: Coronavirus, Weather, Clock
2020-03-25 03:00:11,413 [1] INFO NotRainmeter.App - Created widget window: Weather
2020-03-25 03:00:11,716 [1] INFO NotRainmeter.App - Created widget window: Coronavirus
2020-03-25 03:00:13,071 [1] INFO NotRainmeter.App - Created widget window: Clock
2020-03-25 03:01:37,641 [1] INFO NotRainmeter.App -         =============  Started Logging  =============        
2020-03-25 03:01:37,687 [1] INFO NotRainmeter.App - Available widgets: Coronavirus, Weather, Clock
2020-03-25 03:01:37,724 [1] INFO NotRainmeter.App - Created widget window: Weather
2020-03-25 03:01:38,025 [1] INFO NotRainmeter.App - Created widget window: Coronavirus
2020-03-25 03:01:39,130 [1] INFO NotRainmeter.App - Created widget window: Clock
2020-03-25 03:02:06,950 [1] INFO NotRainmeter.App -         =============  Started Logging  =============        
2020-03-25 03:02:06,996 [1] INFO NotRainmeter.App - Available widgets: Coronavirus, Weather, Clock
2020-03-25 03:02:07,022 [1] INFO NotRainmeter.App - Created widget window: Weather
2020-03-25 03:02:07,332 [1] INFO NotRainmeter.App - Created widget window: Coronavirus
2020-03-25 03:02:08,708 [1] INFO NotRainmeter.App - Created widget window: Clock
2020-03-25 03:10:15,921 [1] INFO NotRainmeter.App -         =============  Started Logging  =============        
2020-03-25 03:10:15,968 [1] INFO NotRainmeter.App - Available widgets: Coronavirus, Weather, Clock
2020-03-25 03:10:16,013 [1] INFO NotRainmeter.App - Created widget window: Weather
2020-03-25 03:10:16,324 [1] INFO NotRainmeter.App - Created widget window: Coronavirus
2020-03-25 03:10:17,666 [1] INFO NotRainmeter.App - Created widget window: Clock
2020-03-25 03:11:06,703 [1] INFO NotRainmeter.App -         =============  Started Logging  =============        
2020-03-25 03:11:06,758 [1] INFO NotRainmeter.App - Available widgets: Coronavirus, Weather, Clock
2020-03-25 03:11:06,784 [1] INFO NotRainmeter.App - Created widget window: Weather
2020-03-25 03:11:07,080 [1] INFO NotRainmeter.App - Created widget window: Coronavirus
2020-03-25 03:11:08,226 [1] INFO NotRainmeter.App - Created widget window: Clock
2020-03-25 03:11:20,938 [1] INFO NotRainmeter.App -         =============  Started Logging  =============        
2020-03-25 03:11:20,987 [1] INFO NotRainmeter.App - Available widgets: Coronavirus, Weather, Clock
2020-03-25 03:11:21,024 [1] INFO NotRainmeter.App - Created widget window: Weather
2020-03-25 03:11:21,344 [1] INFO NotRainmeter.App - Created widget window: Coronavirus
2020-03-25 03:11:22,462 [1] INFO NotRainmeter.App - Created widget window: Clock
2020-03-25 03:12:19,146 [1] INFO NotRainmeter.App -         =============  Started Logging  =============        
2020-03-25 03:12:19,191 [1] INFO NotRainmeter.App - Available widgets: Coronavirus, Weather, Clock
2020-03-25 03:12:19,223 [1] INFO NotRainmeter.App - Created widget window: Weather
2020-03-25 03:12:19,557 [1] INFO NotRainmeter.App - Created widget window: Coronavirus
2020-03-25 03:13:08,165 [1] INFO NotRainmeter.App -         =============  Started Logging  =============        
2020-03-25 03:13:08,212 [1] INFO NotRainmeter.App - Available widgets: Coronavirus, Weather, Clock
2020-03-25 03:13:08,238 [1] INFO NotRainmeter.App - Created widget window: Weather
2020-03-25 03:13:08,546 [1] INFO NotRainmeter.App - Created widget window: Coronavirus
2020-03-25 03:13:09,812 [1] INFO NotRainmeter.App - Created widget window: Clock
2020-03-25 03:13:55,157 [1] INFO NotRainmeter.App -         =============  Started Logging  =============        
2020-03-25 03:13:55,207 [1] INFO NotRainmeter.App - Available widgets: Coronavirus, Weather, Clock
2020-03-25 03:13:55,245 [1] INFO NotRainmeter.App - Created widget window: Weather
2020-03-25 03:13:55,551 [1] INFO NotRainmeter.App - Created widget window: Coronavirus
2020-03-25 03:13:56,711 [1] INFO NotRainmeter.App - Created widget window: Clock
2020-03-25 03:14:22,818 [1] INFO NotRainmeter.App -         =============  Started Logging  =============        
2020-03-25 03:14:22,869 [1] INFO NotRainmeter.App - Available widgets: Coronavirus, Weather, Clock
2020-03-25 03:14:22,895 [1] INFO NotRainmeter.App - Created widget window: Weather
2020-03-25 03:14:23,206 [1] INFO NotRainmeter.App - Created widget window: Coronavirus
2020-03-25 03:14:24,227 [1] INFO NotRainmeter.App - Created widget window: Clock
2020-03-25 03:16:11,986 [1] INFO NotRainmeter.App -         =============  Started Logging  =============        
2020-03-25 03:16:12,034 [1] INFO NotRainmeter.App - Available widgets: Coronavirus, Weather, Clock
2020-03-25 03:16:12,080 [1] INFO NotRainmeter.App - Created widget window: Weather
2020-03-25 03:16:12,375 [1] INFO NotRainmeter.App - Created widget window: Coronavirus
2020-03-25 03:16:13,703 [1] INFO NotRainmeter.App - Created widget window: Clock
2020-03-25 10:27:58,383 [1] INFO NotRainmeter.App -         =============  Started Logging  =============        
2020-03-25 10:27:58,489 [1] INFO NotRainmeter.App - Available widgets: Coronavirus, Weather, Clock
2020-03-25 10:27:58,509 [1] INFO NotRainmeter.App - Created widget window: Weather
2020-03-25 10:27:58,719 [1] INFO NotRainmeter.App - Created widget window: Coronavirus
2020-03-25 10:28:00,162 [1] INFO NotRainmeter.App - Created widget window: Clock
2020-03-25 17:18:48,850 [1] INFO NotRainmeter.App -         =============  Started Logging  =============        
2020-03-25 17:18:48,956 [1] INFO NotRainmeter.App - Available widgets: Coronavirus, Weather, Clock
2020-03-25 17:18:48,990 [1] INFO NotRainmeter.App - Created widget window: Weather
2020-03-25 17:18:49,321 [1] INFO NotRainmeter.App - Created widget window: Coronavirus
2020-03-25 17:18:50,624 [1] INFO NotRainmeter.App - Created widget window: Clock
2020-03-26 01:30:28,250 [1] INFO NotRainmeter.App -         =============  Started Logging  =============        
2020-03-26 01:30:28,336 [1] INFO NotRainmeter.App - Available widgets: Coronavirus, Weather, Clock
2020-03-26 01:30:28,362 [1] INFO NotRainmeter.App - Created widget window: Weather
2020-03-26 01:30:28,568 [1] INFO NotRainmeter.App - Created widget window: Coronavirus
2020-03-26 01:30:29,828 [1] INFO NotRainmeter.App - Created widget window: Clock
2020-03-26 13:05:34,929 [1] INFO NotRainmeter.App -         =============  Started Logging  =============        
2020-03-26 13:05:35,029 [1] INFO NotRainmeter.App - Available widgets: Coronavirus, Weather, Clock
2020-03-26 13:05:35,057 [1] INFO NotRainmeter.App - Created widget window: Weather
2020-03-26 13:05:35,261 [1] INFO NotRainmeter.App - Created widget window: Coronavirus
2020-03-26 13:05:35,999 [1] INFO NotRainmeter.App - Created widget window: Clock
2020-03-26 16:12:02,556 [1] INFO NotRainmeter.App -         =============  Started Logging  =============        
2020-03-26 16:12:02,615 [1] INFO NotRainmeter.App - Available widgets: Coronavirus, Weather, Clock
2020-03-26 16:12:02,651 [1] INFO NotRainmeter.App - Created widget window: Weather
2020-03-26 16:12:02,993 [1] INFO NotRainmeter.App - Created widget window: Coronavirus
2020-03-26 16:12:03,847 [1] INFO NotRainmeter.App - Created widget window: Clock
2020-03-26 16:14:01,247 [1] INFO NotRainmeter.App -         =============  Started Logging  =============        
2020-03-26 16:14:01,274 [1] INFO NotRainmeter.App - Available widgets: Coronavirus, Weather, Clock
2020-03-26 16:14:01,302 [1] INFO NotRainmeter.App - Created widget window: Weather
2020-03-26 16:14:01,498 [1] INFO NotRainmeter.App - Created widget window: Coronavirus
2020-03-26 16:14:02,169 [1] INFO NotRainmeter.App - Created widget window: Clock
2020-03-26 16:14:42,383 [1] INFO NotRainmeter.App - Application started.
2020-03-26 16:14:42,440 [1] INFO NotRainmeter.App - Available widgets: Coronavirus, Weather, Clock
2020-03-26 16:14:42,466 [1] INFO NotRainmeter.App - Created widget window: Weather
2020-03-26 16:14:42,763 [1] INFO NotRainmeter.App - Created widget window: Coronavirus
2020-03-26 16:14:43,585 [1] INFO NotRainmeter.App - Created widget window: Clock
2020-03-26 16:14:48,260 [1] INFO NotRainmeter.App - Application started.
2020-03-26 16:14:48,287 [1] INFO NotRainmeter.App - Available widgets: Coronavirus, Weather, Clock
2020-03-26 16:14:48,308 [1] INFO NotRainmeter.App - Created widget window: Weather
2020-03-26 16:14:48,518 [1] INFO NotRainmeter.App - Created widget window: Coronavirus
2020-03-26 16:14:49,201 [1] INFO NotRainmeter.App - Created widget window: Clock
2020-03-26 16:32:56,133 [1] ERROR NotRainmeter.CovidWindow - Unable to refresh widget  because of exception: The remote server returned an error: (502) Bad Gateway.
2020-03-26 16:32:56,614 [1] ERROR NotRainmeter.CovidWindow - Unable to refresh widget  because of exception: The remote server returned an error: (502) Bad Gateway.
2020-03-26 16:36:57,584 [1] ERROR NotRainmeter.CovidWindow - Unable to refresh widget  because of exception: The remote server returned an error: (502) Bad Gateway.
2020-03-26 16:41:00,054 [1] ERROR NotRainmeter.CovidWindow - Unable to refresh widget  because of exception: The remote server returned an error: (502) Bad Gateway.
2020-03-26 16:44:00,793 [1] ERROR NotRainmeter.CovidWindow - Unable to refresh widget  because of exception: The remote server returned an error: (502) Bad Gateway.
2020-03-26 16:46:01,276 [1] ERROR NotRainmeter.CovidWindow - Unable to refresh widget  because of exception: The remote server returned an error: (502) Bad Gateway.
2020-03-26 16:46:02,051 [1] ERROR NotRainmeter.CovidWindow - Unable to refresh widget  because of exception: The remote server returned an error: (502) Bad Gateway.
2020-03-26 16:51:03,277 [1] ERROR NotRainmeter.CovidWindow - Unable to refresh widget  because of exception: The remote server returned an error: (502) Bad Gateway.
2020-03-26 16:51:04,392 [1] ERROR NotRainmeter.CovidWindow - Unable to refresh widget  because of exception: The remote server returned an error: (502) Bad Gateway.
2020-03-26 16:52:33,803 [1] ERROR NotRainmeter.CovidWindow - Unable to refresh widget  because of exception: The remote server returned an error: (522) Origin Connection Time-out.
2020-03-26 16:52:49,441 [1] ERROR NotRainmeter.CovidWindow - Unable to refresh widget  because of exception: The remote server returned an error: (502) Bad Gateway.
2020-03-26 16:54:50,394 [1] ERROR NotRainmeter.CovidWindow - Unable to refresh widget  because of exception: The remote server returned an error: (502) Bad Gateway.
2020-03-26 16:57:35,688 [1] ERROR NotRainmeter.CovidWindow - Unable to refresh widget  because of exception: The remote server returned an error: (502) Bad Gateway.
2020-03-26 16:58:51,665 [1] ERROR NotRainmeter.CovidWindow - Unable to refresh widget  because of exception: The remote server returned an error: (502) Bad Gateway.
2020-03-26 16:58:51,832 [1] ERROR NotRainmeter.CovidWindow - Unable to refresh widget  because of exception: The remote server returned an error: (502) Bad Gateway.
2020-03-26 17:03:23,537 [1] ERROR NotRainmeter.CovidWindow - Unable to refresh widget  because of exception: The remote server returned an error: (522) Origin Connection Time-out.
2020-03-26 17:03:54,270 [1] ERROR NotRainmeter.CovidWindow - Unable to refresh widget  because of exception: The remote server returned an error: (522) Origin Connection Time-out.
2020-03-26 17:04:54,158 [1] ERROR NotRainmeter.CovidWindow - Unable to refresh widget  because of exception: The remote server returned an error: (522) Origin Connection Time-out.
2020-03-26 17:05:24,881 [1] ERROR NotRainmeter.CovidWindow - Unable to refresh widget  because of exception: The remote server returned an error: (522) Origin Connection Time-out.
2020-03-26 17:06:24,794 [1] ERROR NotRainmeter.CovidWindow - Unable to refresh widget  because of exception: The remote server returned an error: (522) Origin Connection Time-out.
2020-03-26 17:06:55,497 [1] ERROR NotRainmeter.CovidWindow - Unable to refresh widget  because of exception: The remote server returned an error: (522) Origin Connection Time-out.
2020-03-26 17:07:55,404 [1] ERROR NotRainmeter.CovidWindow - Unable to refresh widget  because of exception: The remote server returned an error: (522) Origin Connection Time-out.
2020-03-26 17:08:11,005 [1] ERROR NotRainmeter.CovidWindow - Unable to refresh widget  because of exception: The remote server returned an error: (502) Bad Gateway.
2020-03-26 17:08:55,473 [1] ERROR NotRainmeter.CovidWindow - Unable to refresh widget  because of exception: The remote server returned an error: (502) Bad Gateway.
2020-03-26 17:09:11,082 [1] ERROR NotRainmeter.CovidWindow - Unable to refresh widget  because of exception: The remote server returned an error: (502) Bad Gateway.
2020-03-26 17:09:55,560 [1] ERROR NotRainmeter.CovidWindow - Unable to refresh widget  because of exception: The remote server returned an error: (502) Bad Gateway.
2020-03-26 17:10:11,163 [1] ERROR NotRainmeter.CovidWindow - Unable to refresh widget  because of exception: The remote server returned an error: (502) Bad Gateway.
2020-03-26 17:10:55,625 [1] ERROR NotRainmeter.CovidWindow - Unable to refresh widget  because of exception: The remote server returned an error: (502) Bad Gateway.
2020-03-26 17:11:11,279 [1] ERROR NotRainmeter.CovidWindow - Unable to refresh widget  because of exception: The remote server returned an error: (502) Bad Gateway.
2020-03-26 17:11:55,698 [1] ERROR NotRainmeter.CovidWindow - Unable to refresh widget  because of exception: The remote server returned an error: (502) Bad Gateway.
2020-03-26 17:12:11,348 [1] ERROR NotRainmeter.CovidWindow - Unable to refresh widget  because of exception: The remote server returned an error: (502) Bad Gateway.
2020-03-26 17:12:55,768 [1] ERROR NotRainmeter.CovidWindow - Unable to refresh widget  because of exception: The remote server returned an error: (502) Bad Gateway.
2020-03-26 17:13:11,435 [1] ERROR NotRainmeter.CovidWindow - Unable to refresh widget  because of exception: The remote server returned an error: (502) Bad Gateway.
2020-03-26 17:14:26,575 [1] ERROR NotRainmeter.CovidWindow - Unable to refresh widget  because of exception: The remote server returned an error: (522) Origin Connection Time-out.
2020-03-26 17:14:57,806 [1] ERROR NotRainmeter.CovidWindow - Unable to refresh widget  because of exception: The remote server returned an error: (522) Origin Connection Time-out.
2020-03-26 17:15:57,204 [1] ERROR NotRainmeter.CovidWindow - Unable to refresh widget  because of exception: The remote server returned an error: (522) Origin Connection Time-out.
2020-03-26 17:16:28,953 [1] ERROR NotRainmeter.CovidWindow - Unable to refresh widget  because of exception: The remote server returned an error: (522) Origin Connection Time-out.
2020-03-26 17:17:28,337 [1] ERROR NotRainmeter.CovidWindow - Unable to refresh widget  because of exception: The remote server returned an error: (522) Origin Connection Time-out.
2020-03-26 17:17:59,581 [1] ERROR NotRainmeter.CovidWindow - Unable to refresh widget  because of exception: The remote server returned an error: (522) Origin Connection Time-out.
2020-03-26 17:18:58,957 [1] ERROR NotRainmeter.CovidWindow - Unable to refresh widget  because of exception: The remote server returned an error: (522) Origin Connection Time-out.
2020-03-26 17:19:30,195 [1] ERROR NotRainmeter.CovidWindow - Unable to refresh widget  because of exception: The remote server returned an error: (522) Origin Connection Time-out.
2020-03-26 17:20:30,095 [1] ERROR NotRainmeter.CovidWindow - Unable to refresh widget  because of exception: The remote server returned an error: (522) Origin Connection Time-out.
2020-03-26 17:21:00,816 [1] ERROR NotRainmeter.CovidWindow - Unable to refresh widget  because of exception: The remote server returned an error: (522) Origin Connection Time-out.
2020-03-26 17:22:00,718 [1] ERROR NotRainmeter.CovidWindow - Unable to refresh widget  because of exception: The remote server returned an error: (522) Origin Connection Time-out.
2020-03-26 17:22:31,436 [1] ERROR NotRainmeter.CovidWindow - Unable to refresh widget  because of exception: The remote server returned an error: (522) Origin Connection Time-out.
2020-03-26 17:23:31,343 [1] ERROR NotRainmeter.CovidWindow - Unable to refresh widget  because of exception: The remote server returned an error: (522) Origin Connection Time-out.
2020-03-26 17:24:02,061 [1] ERROR NotRainmeter.CovidWindow - Unable to refresh widget  because of exception: The remote server returned an error: (522) Origin Connection Time-out.
2020-03-26 17:25:01,971 [1] ERROR NotRainmeter.CovidWindow - Unable to refresh widget  because of exception: The remote server returned an error: (522) Origin Connection Time-out.
2020-03-26 17:25:32,692 [1] ERROR NotRainmeter.CovidWindow - Unable to refresh widget  because of exception: The remote server returned an error: (522) Origin Connection Time-out.
2020-03-26 17:26:32,592 [1] ERROR NotRainmeter.CovidWindow - Unable to refresh widget  because of exception: The remote server returned an error: (522) Origin Connection Time-out.
2020-03-26 17:27:03,313 [1] ERROR NotRainmeter.CovidWindow - Unable to refresh widget  because of exception: The remote server returned an error: (522) Origin Connection Time-out.
2020-03-26 17:28:03,214 [1] ERROR NotRainmeter.CovidWindow - Unable to refresh widget  because of exception: The remote server returned an error: (522) Origin Connection Time-out.
2020-03-26 17:28:33,938 [1] ERROR NotRainmeter.CovidWindow - Unable to refresh widget  because of exception: The remote server returned an error: (522) Origin Connection Time-out.
2020-03-26 17:29:33,839 [1] ERROR NotRainmeter.CovidWindow - Unable to refresh widget  because of exception: The remote server returned an error: (522) Origin Connection Time-out.
2020-03-26 17:30:04,565 [1] ERROR NotRainmeter.CovidWindow - Unable to refresh widget  because of exception: The remote server returned an error: (522) Origin Connection Time-out.
2020-03-26 17:31:04,465 [1] ERROR NotRainmeter.CovidWindow - Unable to refresh widget  because of exception: The remote server returned an error: (522) Origin Connection Time-out.
2020-03-26 17:31:35,183 [1] ERROR NotRainmeter.CovidWindow - Unable to refresh widget  because of exception: The remote server returned an error: (522) Origin Connection Time-out.
2020-03-26 17:32:35,089 [1] ERROR NotRainmeter.CovidWindow - Unable to refresh widget  because of exception: The remote server returned an error: (522) Origin Connection Time-out.
2020-03-26 17:33:05,806 [1] ERROR NotRainmeter.CovidWindow - Unable to refresh widget  because of exception: The remote server returned an error: (522) Origin Connection Time-out.
2020-03-26 17:34:05,711 [1] ERROR NotRainmeter.CovidWindow - Unable to refresh widget  because of exception: The remote server returned an error: (522) Origin Connection Time-out.
2020-03-26 17:34:36,431 [1] ERROR NotRainmeter.CovidWindow - Unable to refresh widget  because of exception: The remote server returned an error: (522) Origin Connection Time-out.
2020-03-26 17:35:36,339 [1] ERROR NotRainmeter.CovidWindow - Unable to refresh widget  because of exception: The remote server returned an error: (522) Origin Connection Time-out.
2020-03-26 17:36:07,054 [1] ERROR NotRainmeter.CovidWindow - Unable to refresh widget  because of exception: The remote server returned an error: (522) Origin Connection Time-out.
2020-03-26 17:37:06,959 [1] ERROR NotRainmeter.CovidWindow - Unable to refresh widget  because of exception: The remote server returned an error: (522) Origin Connection Time-out.
2020-03-26 17:37:37,681 [1] ERROR NotRainmeter.CovidWindow - Unable to refresh widget  because of exception: The remote server returned an error: (522) Origin Connection Time-out.
2020-03-26 17:38:37,587 [1] ERROR NotRainmeter.CovidWindow - Unable to refresh widget  because of exception: The remote server returned an error: (522) Origin Connection Time-out.
2020-03-26 17:39:08,303 [1] ERROR NotRainmeter.CovidWindow - Unable to refresh widget  because of exception: The remote server returned an error: (522) Origin Connection Time-out.
2020-03-26 17:40:08,209 [1] ERROR NotRainmeter.CovidWindow - Unable to refresh widget  because of exception: The remote server returned an error: (522) Origin Connection Time-out.
2020-03-26 17:40:38,928 [1] ERROR NotRainmeter.CovidWindow - Unable to refresh widget  because of exception: The remote server returned an error: (522) Origin Connection Time-out.
2020-03-26 17:41:38,835 [1] ERROR NotRainmeter.CovidWindow - Unable to refresh widget  because of exception: The remote server returned an error: (522) Origin Connection Time-out.
2020-03-26 17:42:09,554 [1] ERROR NotRainmeter.CovidWindow - Unable to refresh widget  because of exception: The remote server returned an error: (522) Origin Connection Time-out.
2020-03-26 17:43:09,459 [1] ERROR NotRainmeter.CovidWindow - Unable to refresh widget  because of exception: The remote server returned an error: (522) Origin Connection Time-out.
2020-03-26 17:43:40,216 [1] ERROR NotRainmeter.CovidWindow - Unable to refresh widget  because of exception: The remote server returned an error: (522) Origin Connection Time-out.
2020-03-26 17:44:40,094 [1] ERROR NotRainmeter.CovidWindow - Unable to refresh widget  because of exception: The remote server returned an error: (522) Origin Connection Time-out.
2020-03-26 17:45:11,313 [1] ERROR NotRainmeter.CovidWindow - Unable to refresh widget  because of exception: The remote server returned an error: (522) Origin Connection Time-out.
2020-03-26 17:46:11,217 [1] ERROR NotRainmeter.CovidWindow - Unable to refresh widget  because of exception: The remote server returned an error: (522) Origin Connection Time-out.
2020-03-26 17:46:41,944 [1] ERROR NotRainmeter.CovidWindow - Unable to refresh widget  because of exception: The remote server returned an error: (522) Origin Connection Time-out.
2020-03-26 17:47:41,842 [1] ERROR NotRainmeter.CovidWindow - Unable to refresh widget  because of exception: The remote server returned an error: (522) Origin Connection Time-out.
2020-03-26 17:48:12,567 [1] ERROR NotRainmeter.CovidWindow - Unable to refresh widget  because of exception: The remote server returned an error: (522) Origin Connection Time-out.
2020-03-26 17:49:12,467 [1] ERROR NotRainmeter.CovidWindow - Unable to refresh widget  because of exception: The remote server returned an error: (522) Origin Connection Time-out.
2020-03-26 18:03:59,395 [1] ERROR NotRainmeter.CovidWindow - Unable to refresh widget  because of exception: The remote server returned an error: (520) Origin Error.
2020-03-26 18:03:59,584 [1] ERROR NotRainmeter.CovidWindow - Unable to refresh widget  because of exception: The remote server returned an error: (521) Origin Down.
2020-03-26 18:09:39,037 [1] ERROR NotRainmeter.CovidWindow - Unable to refresh widget  because of exception: The remote server returned an error: (521) Origin Down.
2020-03-26 18:09:39,220 [1] ERROR NotRainmeter.CovidWindow - Unable to refresh widget  because of exception: The remote server returned an error: (521) Origin Down.
2020-03-26 18:10:42,281 [1] ERROR NotRainmeter.CovidWindow - Unable to refresh widget  because of exception: The remote server returned an error: (521) Origin Down.
2020-03-26 18:10:42,454 [1] ERROR NotRainmeter.CovidWindow - Unable to refresh widget  because of exception: The remote server returned an error: (521) Origin Down.
2020-03-26 18:11:49,545 [1] ERROR NotRainmeter.CovidWindow - Unable to refresh widget  because of exception: The remote server returned an error: (521) Origin Down.
2020-03-26 18:11:49,716 [1] ERROR NotRainmeter.CovidWindow - Unable to refresh widget  because of exception: The remote server returned an error: (521) Origin Down.
2020-03-26 18:13:19,894 [1] ERROR NotRainmeter.CovidWindow - Unable to refresh widget  because of exception: The remote server returned an error: (522) Origin Connection Time-out.
2020-03-26 18:14:02,728 [1] ERROR NotRainmeter.CovidWindow - Unable to refresh widget  because of exception: The remote server returned an error: (520) Origin Error.
2020-03-26 18:14:53,355 [1] ERROR NotRainmeter.CovidWindow - Unable to refresh widget  because of exception: The remote server returned an error: (520) Origin Error.
2020-03-26 18:15:34,402 [1] ERROR NotRainmeter.CovidWindow - Unable to refresh widget  because of exception: The remote server returned an error: (520) Origin Error.
2020-03-26 18:17:03,086 [1] ERROR NotRainmeter.CovidWindow - Unable to refresh widget  because of exception: The remote server returned an error: (520) Origin Error.
2020-03-26 18:17:03,266 [1] ERROR NotRainmeter.CovidWindow - Unable to refresh widget  because of exception: The remote server returned an error: (521) Origin Down.
2020-03-26 18:21:39,507 [1] ERROR NotRainmeter.CovidWindow - Unable to refresh widget  because of exception: The remote server returned an error: (520) Origin Error.
2020-03-26 18:21:39,689 [1] ERROR NotRainmeter.CovidWindow - Unable to refresh widget  because of exception: The remote server returned an error: (521) Origin Down.
2020-03-26 18:23:10,746 [1] ERROR NotRainmeter.CovidWindow - Unable to refresh widget  because of exception: The remote server returned an error: (522) Origin Connection Time-out.
2020-03-26 18:23:41,466 [1] ERROR NotRainmeter.CovidWindow - Unable to refresh widget  because of exception: The remote server returned an error: (522) Origin Connection Time-out.
2020-03-26 18:24:41,371 [1] ERROR NotRainmeter.CovidWindow - Unable to refresh widget  because of exception: The remote server returned an error: (522) Origin Connection Time-out.
2020-03-26 18:25:12,091 [1] ERROR NotRainmeter.CovidWindow - Unable to refresh widget  because of exception: The remote server returned an error: (522) Origin Connection Time-out.
2020-03-26 18:26:11,995 [1] ERROR NotRainmeter.CovidWindow - Unable to refresh widget  because of exception: The remote server returned an error: (522) Origin Connection Time-out.
2020-03-26 18:26:42,722 [1] ERROR NotRainmeter.CovidWindow - Unable to refresh widget  because of exception: The remote server returned an error: (522) Origin Connection Time-out.
2020-03-26 18:27:42,622 [1] ERROR NotRainmeter.CovidWindow - Unable to refresh widget  because of exception: The remote server returned an error: (522) Origin Connection Time-out.
2020-03-26 18:28:13,343 [1] ERROR NotRainmeter.CovidWindow - Unable to refresh widget  because of exception: The remote server returned an error: (522) Origin Connection Time-out.
2020-03-26 18:29:13,247 [1] ERROR NotRainmeter.CovidWindow - Unable to refresh widget  because of exception: The remote server returned an error: (522) Origin Connection Time-out.
2020-03-26 18:29:43,969 [1] ERROR NotRainmeter.CovidWindow - Unable to refresh widget  because of exception: The remote server returned an error: (522) Origin Connection Time-out.
2020-03-26 18:30:44,388 [1] ERROR NotRainmeter.CovidWindow - Unable to refresh widget  because of exception: The remote server returned an error: (522) Origin Connection Time-out.
2020-03-26 18:31:15,611 [1] ERROR NotRainmeter.CovidWindow - Unable to refresh widget  because of exception: The remote server returned an error: (522) Origin Connection Time-out.
2020-03-26 18:32:15,518 [1] ERROR NotRainmeter.CovidWindow - Unable to refresh widget  because of exception: The remote server returned an error: (522) Origin Connection Time-out.
2020-03-26 18:32:46,751 [1] ERROR NotRainmeter.CovidWindow - Unable to refresh widget  because of exception: The remote server returned an error: (522) Origin Connection Time-out.
2020-03-26 18:34:21,778 [1] ERROR NotRainmeter.CovidWindow - Unable to refresh widget  because of exception: The remote server returned an error: (520) Origin Error.
2020-03-26 18:34:21,959 [1] ERROR NotRainmeter.CovidWindow - Unable to refresh widget  because of exception: The remote server returned an error: (521) Origin Down.
2020-03-26 19:12:42,258 [1] ERROR NotRainmeter.CovidWindow - Unable to refresh widget  because of exception: The operation has timed out
2020-03-26 19:13:05,737 [1] ERROR NotRainmeter.CovidWindow - Unable to refresh widget  because of exception: The remote server returned an error: (520) Origin Error.
2020-03-26 19:18:07,730 [1] ERROR NotRainmeter.CovidWindow - Unable to refresh widget  because of exception: The remote server returned an error: (520) Origin Error.
2020-03-26 19:18:11,148 [1] ERROR NotRainmeter.CovidWindow - Unable to refresh widget  because of exception: The remote server returned an error: (521) Origin Down.
2020-03-26 19:19:30,638 [1] ERROR NotRainmeter.CovidWindow - Unable to refresh widget  because of exception: The remote server returned an error: (520) Origin Error.
2020-03-26 19:19:30,829 [1] ERROR NotRainmeter.CovidWindow - Unable to refresh widget  because of exception: The remote server returned an error: (521) Origin Down.
2020-03-26 19:20:37,904 [1] ERROR NotRainmeter.CovidWindow - Unable to refresh widget  because of exception: The remote server returned an error: (521) Origin Down.
2020-03-26 19:20:38,075 [1] ERROR NotRainmeter.CovidWindow - Unable to refresh widget  because of exception: The remote server returned an error: (521) Origin Down.
2020-03-26 19:24:46,166 [1] ERROR NotRainmeter.CovidWindow - Unable to refresh widget  because of exception: The remote server returned an error: (520) Origin Error.
2020-03-26 19:24:46,343 [1] ERROR NotRainmeter.CovidWindow - Unable to refresh widget  because of exception: The remote server returned an error: (521) Origin Down.
2020-03-26 19:29:44,234 [1] ERROR NotRainmeter.CovidWindow - Unable to refresh widget  because of exception: The remote server returned an error: (520) Origin Error.
2020-03-26 19:29:44,411 [1] ERROR NotRainmeter.CovidWindow - Unable to refresh widget  because of exception: The remote server returned an error: (521) Origin Down.
2020-03-26 19:31:15,240 [1] ERROR NotRainmeter.CovidWindow - Unable to refresh widget  because of exception: The remote server returned an error: (522) Origin Connection Time-out.
2020-03-26 19:31:46,459 [1] ERROR NotRainmeter.CovidWindow - Unable to refresh widget  because of exception: The remote server returned an error: (522) Origin Connection Time-out.
2020-03-26 19:32:46,363 [1] ERROR NotRainmeter.CovidWindow - Unable to refresh widget  because of exception: The remote server returned an error: (522) Origin Connection Time-out.
2020-03-26 19:33:17,597 [1] ERROR NotRainmeter.CovidWindow - Unable to refresh widget  because of exception: The remote server returned an error: (522) Origin Connection Time-out.
2020-03-26 19:34:17,521 [1] ERROR NotRainmeter.CovidWindow - Unable to refresh widget  because of exception: The remote server returned an error: (522) Origin Connection Time-out.
2020-03-26 19:34:48,733 [1] ERROR NotRainmeter.CovidWindow - Unable to refresh widget  because of exception: The remote server returned an error: (522) Origin Connection Time-out.
2020-03-26 19:35:48,636 [1] ERROR NotRainmeter.CovidWindow - Unable to refresh widget  because of exception: The remote server returned an error: (522) Origin Connection Time-out.
2020-03-26 19:36:19,868 [1] ERROR NotRainmeter.CovidWindow - Unable to refresh widget  because of exception: The remote server returned an error: (522) Origin Connection Time-out.
2020-03-26 19:37:19,772 [1] ERROR NotRainmeter.CovidWindow - Unable to refresh widget  because of exception: The remote server returned an error: (522) Origin Connection Time-out.
2020-03-26 19:37:51,003 [1] ERROR NotRainmeter.CovidWindow - Unable to refresh widget  because of exception: The remote server returned an error: (522) Origin Connection Time-out.
2020-03-26 19:38:50,909 [1] ERROR NotRainmeter.CovidWindow - Unable to refresh widget  because of exception: The remote server returned an error: (522) Origin Connection Time-out.
2020-03-26 19:39:22,156 [1] ERROR NotRainmeter.CovidWindow - Unable to refresh widget  because of exception: The remote server returned an error: (522) Origin Connection Time-out.
2020-03-26 19:40:22,044 [1] ERROR NotRainmeter.CovidWindow - Unable to refresh widget  because of exception: The remote server returned an error: (522) Origin Connection Time-out.
2020-03-26 19:40:53,277 [1] ERROR NotRainmeter.CovidWindow - Unable to refresh widget  because of exception: The remote server returned an error: (522) Origin Connection Time-out.
2020-03-26 19:41:53,181 [1] ERROR NotRainmeter.CovidWindow - Unable to refresh widget  because of exception: The remote server returned an error: (522) Origin Connection Time-out.
2020-03-26 19:42:24,418 [1] ERROR NotRainmeter.CovidWindow - Unable to refresh widget  because of exception: The remote server returned an error: (522) Origin Connection Time-out.
2020-03-26 19:43:24,317 [1] ERROR NotRainmeter.CovidWindow - Unable to refresh widget  because of exception: The remote server returned an error: (522) Origin Connection Time-out.
2020-03-26 19:43:55,580 [1] ERROR NotRainmeter.CovidWindow - Unable to refresh widget  because of exception: The remote server returned an error: (522) Origin Connection Time-out.
2020-03-26 19:44:55,576 [1] ERROR NotRainmeter.CovidWindow - Unable to refresh widget  because of exception: The remote server returned an error: (522) Origin Connection Time-out.
2020-03-26 19:45:26,687 [1] ERROR NotRainmeter.CovidWindow - Unable to refresh widget  because of exception: The remote server returned an error: (522) Origin Connection Time-out.
2020-03-26 19:46:26,592 [1] ERROR NotRainmeter.CovidWindow - Unable to refresh widget  because of exception: The remote server returned an error: (522) Origin Connection Time-out.
2020-03-26 19:46:57,826 [1] ERROR NotRainmeter.CovidWindow - Unable to refresh widget  because of exception: The remote server returned an error: (522) Origin Connection Time-out.
2020-03-26 19:47:57,725 [1] ERROR NotRainmeter.CovidWindow - Unable to refresh widget  because of exception: The remote server returned an error: (522) Origin Connection Time-out.
2020-03-26 20:01:06,002 [1] ERROR NotRainmeter.CovidWindow - Unable to refresh widget  because of exception: The remote server returned an error: (520) Origin Error.
2020-03-26 20:39:56,847 [1] ERROR NotRainmeter.CovidWindow - Unable to refresh widget  because of exception: The remote server returned an error: (521) Origin Down.
2020-03-26 20:39:57,018 [1] ERROR NotRainmeter.CovidWindow - Unable to refresh widget  because of exception: The remote server returned an error: (521) Origin Down.
2020-03-26 20:41:04,374 [1] ERROR NotRainmeter.CovidWindow - Unable to refresh widget  because of exception: The remote server returned an error: (520) Origin Error.
2020-03-26 20:41:04,550 [1] ERROR NotRainmeter.CovidWindow - Unable to refresh widget  because of exception: The remote server returned an error: (521) Origin Down.
2020-03-26 20:42:38,689 [1] ERROR NotRainmeter.CovidWindow - Unable to refresh widget  because of exception: The remote server returned an error: (520) Origin Error.
2020-03-26 20:42:38,897 [1] ERROR NotRainmeter.CovidWindow - Unable to refresh widget  because of exception: The remote server returned an error: (521) Origin Down.
2020-03-26 21:29:47,058 [1] ERROR NotRainmeter.CovidWindow - Unable to refresh widget  because of exception: The remote server returned an error: (520) Origin Error.
2020-03-26 21:29:47,282 [1] ERROR NotRainmeter.CovidWindow - Unable to refresh widget  because of exception: The remote server returned an error: (521) Origin Down.
2020-03-26 21:46:19,615 [1] ERROR NotRainmeter.CovidWindow - Unable to refresh widget  because of exception: The remote server returned an error: (520) Origin Error.
2020-03-26 21:46:19,805 [1] ERROR NotRainmeter.CovidWindow - Unable to refresh widget  because of exception: The remote server returned an error: (521) Origin Down.
2020-03-26 22:57:52,987 [1] ERROR NotRainmeter.CovidWindow - Unable to refresh widget  because of exception: The remote server returned an error: (521) Origin Down.
2020-03-26 22:57:53,163 [1] ERROR NotRainmeter.CovidWindow - Unable to refresh widget  because of exception: The remote server returned an error: (521) Origin Down.
2020-03-26 23:48:11,181 [1] ERROR NotRainmeter.CovidWindow - Unable to refresh widget  because of exception: The remote server returned an error: (520) Origin Error.
2020-03-26 23:48:11,359 [1] ERROR NotRainmeter.CovidWindow - Unable to refresh widget  because of exception: The remote server returned an error: (521) Origin Down.
2020-03-27 01:16:19,339 [1] ERROR NotRainmeter.CovidWindow - Unable to refresh widget  because of exception: The remote server returned an error: (522) Origin Connection Time-out.
2020-03-27 01:16:24,434 [1] ERROR NotRainmeter.CovidWindow - Unable to refresh widget  because of exception: The remote server returned an error: (521) Origin Down.
2020-03-27 02:41:26,752 [1] ERROR NotRainmeter.CovidWindow - Unable to refresh widget  because of exception: The remote server returned an error: (520) Origin Error.
2020-03-27 02:41:26,922 [1] ERROR NotRainmeter.CovidWindow - Unable to refresh widget  because of exception: The remote server returned an error: (521) Origin Down.
2020-03-27 02:42:34,021 [1] ERROR NotRainmeter.CovidWindow - Unable to refresh widget  because of exception: The remote server returned an error: (521) Origin Down.
2020-03-27 02:42:34,192 [1] ERROR NotRainmeter.CovidWindow - Unable to refresh widget  because of exception: The remote server returned an error: (521) Origin Down.
2020-03-27 02:45:06,483 [1] ERROR NotRainmeter.CovidWindow - Unable to refresh widget  because of exception: The remote server returned an error: (522) Origin Connection Time-out.
2020-03-27 02:45:37,715 [1] ERROR NotRainmeter.CovidWindow - Unable to refresh widget  because of exception: The remote server returned an error: (522) Origin Connection Time-out.
2020-03-27 03:06:03,495 [1] ERROR NotRainmeter.CovidWindow - Unable to refresh widget  because of exception: The remote server returned an error: (520) Origin Error.
2020-03-27 03:06:03,668 [1] ERROR NotRainmeter.CovidWindow - Unable to refresh widget  because of exception: The remote server returned an error: (521) Origin Down.
2020-03-27 03:17:25,357 [1] ERROR NotRainmeter.CovidWindow - Unable to refresh widget  because of exception: The remote server returned an error: (521) Origin Down.
2020-03-27 03:17:25,525 [1] ERROR NotRainmeter.CovidWindow - Unable to refresh widget  because of exception: The remote server returned an error: (521) Origin Down.
2020-03-27 03:18:25,545 [1] ERROR NotRainmeter.CovidWindow - Unable to refresh widget  because of exception: The remote server returned an error: (521) Origin Down.
2020-03-27 03:18:25,715 [1] ERROR NotRainmeter.CovidWindow - Unable to refresh widget  because of exception: The remote server returned an error: (521) Origin Down.
2020-03-27 03:19:25,710 [1] ERROR NotRainmeter.CovidWindow - Unable to refresh widget  because of exception: The remote server returned an error: (521) Origin Down.
2020-03-27 03:19:25,881 [1] ERROR NotRainmeter.CovidWindow - Unable to refresh widget  because of exception: The remote server returned an error: (521) Origin Down.
2020-03-27 03:54:22,603 [1] ERROR NotRainmeter.CovidWindow - Unable to refresh widget  because of exception: The remote server returned an error: (520) Origin Error.
2020-03-27 03:54:22,772 [1] ERROR NotRainmeter.CovidWindow - Unable to refresh widget  because of exception: The remote server returned an error: (521) Origin Down.
2020-03-27 12:02:00,552 [1] INFO NotRainmeter.App - Application started.
2020-03-27 12:02:00,675 [1] INFO NotRainmeter.App - Available widgets: Coronavirus, Weather, Clock
2020-03-27 12:02:00,703 [1] INFO NotRainmeter.App - Created widget window: Weather
2020-03-27 12:02:00,902 [1] INFO NotRainmeter.App - Created widget window: Coronavirus
2020-03-27 12:02:01,580 [1] INFO NotRainmeter.App - Created widget window: Clock
2020-03-27 13:08:40,788 [1] ERROR NotRainmeter.CovidWindow - Unable to refresh widget  because of exception: The remote server returned an error: (522) Origin Connection Time-out.
2020-03-28 11:01:07,863 [1] INFO NotRainmeter.App - Application started.
2020-03-28 11:01:07,999 [1] INFO NotRainmeter.App - Available widgets: Coronavirus, Weather, Clock
2020-03-28 11:01:08,025 [1] INFO NotRainmeter.App - Created widget window: Weather
2020-03-28 11:01:08,323 [1] INFO NotRainmeter.App - Created widget window: Coronavirus
2020-03-28 11:01:09,024 [1] INFO NotRainmeter.App - Created widget window: Clock
2020-03-29 13:00:55,396 [1] INFO NotRainmeter.App - Application started.
2020-03-29 13:00:55,533 [1] INFO NotRainmeter.App - Available widgets: Coronavirus, Weather, Clock
2020-03-29 13:00:55,572 [1] INFO NotRainmeter.App - Created widget window: Weather
2020-03-29 13:00:55,851 [1] INFO NotRainmeter.App - Created widget window: Coronavirus
2020-03-29 13:00:56,500 [1] INFO NotRainmeter.App - Created widget window: Clock
2020-03-29 17:55:10,495 [1] INFO NotRainmeter.App - Application started.
2020-03-29 17:55:10,619 [1] INFO NotRainmeter.App - Available widgets: Coronavirus, Weather, Clock
2020-03-29 17:55:10,639 [1] INFO NotRainmeter.App - Created widget window: Weather
2020-03-29 17:55:10,871 [1] INFO NotRainmeter.App - Created widget window: Coronavirus
2020-03-29 17:55:11,508 [1] INFO NotRainmeter.App - Created widget window: Clock
2020-03-30 10:57:49,774 [1] INFO NotRainmeter.App - Application started.
2020-03-30 10:57:49,916 [1] INFO NotRainmeter.App - Available widgets: Coronavirus, Weather, Clock
2020-03-30 10:57:49,935 [1] INFO NotRainmeter.App - Created widget window: Weather
2020-03-30 10:57:50,129 [1] INFO NotRainmeter.App - Created widget window: Coronavirus
2020-03-30 10:57:50,801 [1] INFO NotRainmeter.App - Created widget window: Clock
2020-03-31 09:34:55,843 [1] INFO NotRainmeter.App - Application started.
2020-03-31 09:34:55,999 [1] INFO NotRainmeter.App - Available widgets: Coronavirus, Weather, Clock
2020-03-31 09:34:56,041 [1] INFO NotRainmeter.App - Created widget window: Weather
2020-03-31 09:34:56,347 [1] INFO NotRainmeter.App - Created widget window: Coronavirus
2020-03-31 09:34:57,008 [1] INFO NotRainmeter.App - Created widget window: Clock
2020-03-31 18:34:40,016 [1] ERROR NotRainmeter.CovidWindow - Unable to refresh widget  because of exception: The remote server returned an error: (502) Bad Gateway.
2020-03-31 18:34:44,656 [1] ERROR NotRainmeter.CovidWindow - Unable to refresh widget  because of exception: The remote server returned an error: (502) Bad Gateway.
2020-04-01 10:56:28,779 [1] INFO NotRainmeter.App - Application started.
2020-04-01 10:56:28,902 [1] INFO NotRainmeter.App - Available widgets: Coronavirus, Weather, Clock
2020-04-01 10:56:28,932 [1] INFO NotRainmeter.App - Created widget window: Weather
2020-04-01 10:56:29,290 [1] INFO NotRainmeter.App - Created widget window: Coronavirus
2020-04-01 10:56:29,989 [1] INFO NotRainmeter.App - Created widget window: Clock
2020-04-01 22:34:36,815 [1] ERROR NotRainmeter.CovidWindow - Unable to refresh widget  because of exception: Unable to connect to the remote server
2020-04-01 22:35:18,829 [1] ERROR NotRainmeter.CovidWindow - Unable to refresh widget  because of exception: Unable to connect to the remote server
2020-04-02 02:55:51,861 [1] INFO NotRainmeter.App - Application started.
2020-04-02 02:55:52,241 [1] INFO NotRainmeter.App - Available widgets: Coronavirus, Weather, Clock
2020-04-02 02:55:52,310 [1] INFO NotRainmeter.App - Created widget window: Weather
2020-04-02 02:55:52,952 [1] INFO NotRainmeter.App - Created widget window: Coronavirus
2020-04-02 02:55:53,684 [1] INFO NotRainmeter.App - Created widget window: Clock
2020-04-02 10:23:34,205 [1] INFO NotRainmeter.App - Application started.
2020-04-02 10:23:34,296 [1] INFO NotRainmeter.App - Available widgets: Coronavirus, Weather, Clock
2020-04-02 10:23:34,317 [1] INFO NotRainmeter.App - Created widget window: Weather
2020-04-02 10:23:34,533 [1] INFO NotRainmeter.App - Created widget window: Coronavirus
2020-04-02 10:23:35,200 [1] INFO NotRainmeter.App - Created widget window: Clock
2020-04-03 09:21:42,248 [1] INFO NotRainmeter.App - Application started.
2020-04-03 09:21:42,346 [1] INFO NotRainmeter.App - Available widgets: Coronavirus, Weather, Clock
2020-04-03 09:21:42,366 [1] INFO NotRainmeter.App - Created widget window: Weather
2020-04-03 09:21:42,606 [1] INFO NotRainmeter.App - Created widget window: Coronavirus
2020-04-03 09:21:43,270 [1] INFO NotRainmeter.App - Created widget window: Clock
2020-04-03 21:33:26,289 [1] INFO NotRainmeter.App - Application started.
2020-04-03 21:33:26,446 [1] INFO NotRainmeter.App - Available widgets: Coronavirus, Weather, Clock
2020-04-03 21:33:26,498 [1] INFO NotRainmeter.App - Created widget window: Weather
2020-04-03 21:33:26,836 [1] INFO NotRainmeter.App - Created widget window: Coronavirus
2020-04-03 21:33:27,868 [1] INFO NotRainmeter.App - Created widget window: Clock
2020-04-04 11:57:10,440 [1] INFO NotRainmeter.App - Application started.
2020-04-04 11:57:10,564 [1] INFO NotRainmeter.App - Available widgets: Coronavirus, Weather, Clock
2020-04-04 11:57:10,585 [1] INFO NotRainmeter.App - Created widget window: Weather
2020-04-04 11:57:10,794 [1] INFO NotRainmeter.App - Created widget window: Coronavirus
2020-04-04 11:57:11,471 [1] INFO NotRainmeter.App - Created widget window: Clock
2020-04-04 20:01:17,811 [1] INFO NotRainmeter.App - Application started.
2020-04-04 20:01:17,978 [1] INFO NotRainmeter.App - Available widgets: Coronavirus, Weather, Clock
2020-04-04 20:01:18,005 [1] INFO NotRainmeter.App - Created widget window: Weather
2020-04-04 20:01:18,237 [1] INFO NotRainmeter.App - Created widget window: Coronavirus
2020-04-04 20:01:18,888 [1] INFO NotRainmeter.App - Created widget window: Clock
